#
# A fatal error has been detected by the Java Runtime Environment:
#
#  Internal Error (safepoint.cpp:310), pid=98301, tid=0x0000000000002d03
#  guarantee(PageArmed == 0) failed: invariant
#
# JRE version: Java(TM) SE Runtime Environment (8.0_111-b14) (build 1.8.0_111-b14)
# Java VM: Java HotSpot(TM) 64-Bit Server VM (25.111-b14 mixed mode bsd-amd64 compressed oops)
# Failed to write core dump. Core dumps have been disabled. To enable core dumping, try "ulimit -c unlimited" before starting Java again
#
# If you would like to submit a bug report, please visit:
#   http://bugreport.java.com/bugreport/crash.jsp
#

---------------  T H R E A D  ---------------

Current thread (0x00007f94c080f800):  VMThread [stack: 0x0000700003312000,0x0000700003412000] [id=11523]

Stack: [0x0000700003312000,0x0000700003412000],  sp=0x0000700003411910,  free space=1022k
Native frames: (J=compiled Java code, j=interpreted, Vv=VM code, C=native code)
V  [libjvm.dylib+0x5afbde]
V  [libjvm.dylib+0x1e74a3]
V  [libjvm.dylib+0x4e0eae]
V  [libjvm.dylib+0x5b621b]
V  [libjvm.dylib+0x5b5b49]
V  [libjvm.dylib+0x489b0a]
C  [libsystem_pthread.dylib+0x393b]  _pthread_body+0xb4
C  [libsystem_pthread.dylib+0x3887]  _pthread_body+0x0
C  [libsystem_pthread.dylib+0x308d]  thread_start+0xd

VM_Operation (0x0000700003f5d658): Exit, mode: safepoint, requested by thread 0x00007f94c0004800


---------------  P R O C E S S  ---------------

Java Threads: ( => current thread )
  0x00007f94c0004800 JavaThread "SIGINT handler" daemon [_thread_blocked, id=4623, stack(0x0000700003e5e000,0x0000700003f5e000)]
  0x00007f94bf736000 JavaThread "Attach Listener" daemon [_thread_blocked, id=20483, stack(0x0000700003d5b000,0x0000700003e5b000)]
  0x00007f94c082a800 JavaThread "Service Thread" daemon [_thread_blocked, id=18947, stack(0x0000700003b2a000,0x0000700003c2a000)]
  0x00007f94bf82b000 JavaThread "C1 CompilerThread2" daemon [_thread_blocked, id=18435, stack(0x0000700003a27000,0x0000700003b27000)]
  0x00007f94c0850800 JavaThread "C2 CompilerThread1" daemon [_thread_blocked, id=17923, stack(0x0000700003924000,0x0000700003a24000)]
  0x00007f94bf012000 JavaThread "C2 CompilerThread0" daemon [_thread_blocked, id=17411, stack(0x0000700003821000,0x0000700003921000)]
  0x00007f94c0853000 JavaThread "Monitor Ctrl-Break" daemon [_thread_in_native, id=16899, stack(0x000070000371e000,0x000070000381e000)]
  0x00007f94bf829800 JavaThread "Signal Dispatcher" daemon [_thread_in_vm, id=16387, stack(0x000070000361b000,0x000070000371b000)]
  0x00007f94c000f000 JavaThread "Finalizer" daemon [_thread_blocked, id=12547, stack(0x0000700003518000,0x0000700003618000)]
  0x00007f94c0810000 JavaThread "Reference Handler" daemon [_thread_blocked, id=12035, stack(0x0000700003415000,0x0000700003515000)]
  0x00007f94bf001800 JavaThread "main" [_thread_in_Java, id=7171, stack(0x0000700002e03000,0x0000700002f03000)]

Other Threads:
=>0x00007f94c080f800 VMThread [stack: 0x0000700003312000,0x0000700003412000] [id=11523]

VM state:synchronizing (normal execution)

VM Mutex/Monitor currently owned by a thread:  ([mutex/lock_event])
[0x00007f94bed022e0] Safepoint_lock - owner thread: 0x00007f94c080f800
[0x00007f94bed02360] Threads_lock - owner thread: 0x00007f94c080f800

Heap:
 PSYoungGen      total 160256K, used 58885K [0x0000000795580000, 0x000000079f900000, 0x00000007c0000000)
  eden space 155136K, 36% used [0x0000000795580000,0x0000000798c91400,0x000000079ed00000)
  from space 5120K, 48% used [0x000000079f400000,0x000000079f670010,0x000000079f900000)
  to   space 6144K, 0% used [0x000000079ed00000,0x000000079ed00000,0x000000079f300000)
 ParOldGen       total 114688K, used 66831K [0x0000000740000000, 0x0000000747000000, 0x0000000795580000)
  object space 114688K, 58% used [0x0000000740000000,0x0000000744143ee8,0x0000000747000000)
 Metaspace       used 9400K, capacity 9648K, committed 9856K, reserved 1058816K
  class space    used 1207K, capacity 1300K, committed 1408K, reserved 1048576K

Card table byte_map: [0x0000000106209000,0x000000010660a000] byte_map_base: 0x0000000102809000

Marking Bits: (ParMarkBitMap*) 0x00000001056efd20
 Begin Bits: [0x0000000116e52000, 0x0000000118e52000)
 End Bits:   [0x0000000118e52000, 0x000000011ae52000)

Polling page: 0x00000001045f9000

CodeCache: size=245760Kb used=3428Kb max_used=3498Kb free=242331Kb
 bounds [0x0000000107e52000, 0x00000001081c2000, 0x0000000116e52000]
 total_blobs=1222 nmethods=902 adapters=234
 compilation: enabled

Compilation events (10 events):
Event: 196.836 Thread 0x00007f94c0850800 nmethod 942 0x00000001081b9550 code [0x00000001081b96a0, 0x00000001081b9798]
Event: 196.836 Thread 0x00007f94bf012000 nmethod 943 0x00000001081b92d0 code [0x00000001081b9420, 0x00000001081b94b8]
Event: 197.831 Thread 0x00007f94c0850800  944       4       java.nio.Buffer::<init> (121 bytes)
Event: 197.832 Thread 0x00007f94bf012000  945   !   4       java.nio.charset.CharsetDecoder::decode (287 bytes)
Event: 197.832 Thread 0x00007f94c0850800 nmethod 944 0x00000001081b8dd0 code [0x00000001081b8f40, 0x00000001081b90f8]
Event: 197.832 Thread 0x00007f94c0850800  946       4       sun.nio.cs.UTF_8$Decoder::xflow (31 bytes)
Event: 197.835 Thread 0x00007f94c0850800 nmethod 946 0x00000001081c06d0 code [0x00000001081c0860, 0x00000001081c0c78]
Event: 197.835 Thread 0x00007f94bf012000 nmethod 945 0x0000000107f69750 code [0x0000000107f698e0, 0x0000000107f69b48]
Event: 197.835 Thread 0x00007f94bf012000  947       4       sun.nio.cs.UTF_8$Decoder::decodeLoop (28 bytes)
Event: 197.836 Thread 0x00007f94bf012000 nmethod 947 0x0000000107f671d0 code [0x0000000107f67340, 0x0000000107f67488]

GC Heap History (10 events):
Event: 197.918 GC heap before
{Heap before GC invocations=26 (full 1):
 PSYoungGen      total 111616K, used 824K [0x0000000795580000, 0x000000079e780000, 0x00000007c0000000)
  eden space 105472K, 0% used [0x0000000795580000,0x0000000795580000,0x000000079bc80000)
  from space 6144K, 13% used [0x000000079bc80000,0x000000079bd4e010,0x000000079c280000)
  to   space 6144K, 0% used [0x000000079e180000,0x000000079e180000,0x000000079e780000)
 ParOldGen       total 87552K, used 75635K [0x0000000740000000, 0x0000000745580000, 0x0000000795580000)
  object space 87552K, 86% used [0x0000000740000000,0x00000007449dcd18,0x0000000745580000)
 Metaspace       used 9392K, capacity 9648K, committed 9856K, reserved 1058816K
  class space    used 1206K, capacity 1300K, committed 1408K, reserved 1048576K
Event: 197.946 GC heap after
Heap after GC invocations=26 (full 1):
 PSYoungGen      total 111616K, used 0K [0x0000000795580000, 0x000000079e780000, 0x00000007c0000000)
  eden space 105472K, 0% used [0x0000000795580000,0x0000000795580000,0x000000079bc80000)
  from space 6144K, 0% used [0x000000079bc80000,0x000000079bc80000,0x000000079c280000)
  to   space 6144K, 0% used [0x000000079e180000,0x000000079e180000,0x000000079e780000)
 ParOldGen       total 86016K, used 36027K [0x0000000740000000, 0x0000000745400000, 0x0000000795580000)
  object space 86016K, 41% used [0x0000000740000000,0x000000074232edc0,0x0000000745400000)
 Metaspace       used 9392K, capacity 9648K, committed 9856K, reserved 1058816K
  class space    used 1206K, capacity 1300K, committed 1408K, reserved 1048576K
}
Event: 198.051 GC heap before
{Heap before GC invocations=27 (full 1):
 PSYoungGen      total 111616K, used 97749K [0x0000000795580000, 0x000000079e780000, 0x00000007c0000000)
  eden space 105472K, 92% used [0x0000000795580000,0x000000079b4f5668,0x000000079bc80000)
  from space 6144K, 0% used [0x000000079bc80000,0x000000079bc80000,0x000000079c280000)
  to   space 6144K, 0% used [0x000000079e180000,0x000000079e180000,0x000000079e780000)
 ParOldGen       total 86016K, used 36027K [0x0000000740000000, 0x0000000745400000, 0x0000000795580000)
  object space 86016K, 41% used [0x0000000740000000,0x000000074232edc0,0x0000000745400000)
 Metaspace       used 9392K, capacity 9648K, committed 9856K, reserved 1058816K
  class space    used 1206K, capacity 1300K, committed 1408K, reserved 1048576K
Event: 198.057 GC heap after
Heap after GC invocations=27 (full 1):
 PSYoungGen      total 142848K, used 4640K [0x0000000795580000, 0x000000079e880000, 0x00000007c0000000)
  eden space 136704K, 0% used [0x0000000795580000,0x0000000795580000,0x000000079db00000)
  from space 6144K, 75% used [0x000000079e180000,0x000000079e608010,0x000000079e780000)
  to   space 6656K, 0% used [0x000000079db00000,0x000000079db00000,0x000000079e180000)
 ParOldGen       total 86016K, used 63220K [0x0000000740000000, 0x0000000745400000, 0x0000000795580000)
  object space 86016K, 73% used [0x0000000740000000,0x0000000743dbd270,0x0000000745400000)
 Metaspace       used 9392K, capacity 9648K, committed 9856K, reserved 1058816K
  class space    used 1206K, capacity 1300K, committed 1408K, reserved 1048576K
}
Event: 198.057 GC heap before
{Heap before GC invocations=28 (full 2):
 PSYoungGen      total 142848K, used 4640K [0x0000000795580000, 0x000000079e880000, 0x00000007c0000000)
  eden space 136704K, 0% used [0x0000000795580000,0x0000000795580000,0x000000079db00000)
  from space 6144K, 75% used [0x000000079e180000,0x000000079e608010,0x000000079e780000)
  to   space 6656K, 0% used [0x000000079db00000,0x000000079db00000,0x000000079e180000)
 ParOldGen       total 86016K, used 63220K [0x0000000740000000, 0x0000000745400000, 0x0000000795580000)
  object space 86016K, 73% used [0x0000000740000000,0x0000000743dbd270,0x0000000745400000)
 Metaspace       used 9392K, capacity 9648K, committed 9856K, reserved 1058816K
  class space    used 1206K, capacity 1300K, committed 1408K, reserved 1048576K
Event: 198.072 GC heap after
Heap after GC invocations=28 (full 2):
 PSYoungGen      total 142848K, used 0K [0x0000000795580000, 0x000000079e880000, 0x00000007c0000000)
  eden space 136704K, 0% used [0x0000000795580000,0x0000000795580000,0x000000079db00000)
  from space 6144K, 0% used [0x000000079e180000,0x000000079e180000,0x000000079e780000)
  to   space 6656K, 0% used [0x000000079db00000,0x000000079db00000,0x000000079e180000)
 ParOldGen       total 114688K, used 40374K [0x0000000740000000, 0x0000000747000000, 0x0000000795580000)
  object space 114688K, 35% used [0x0000000740000000,0x000000074276d938,0x0000000747000000)
 Metaspace       used 9392K, capacity 9648K, committed 9856K, reserved 1058816K
  class space    used 1206K, capacity 1300K, committed 1408K, reserved 1048576K
}
Event: 198.227 GC heap before
{Heap before GC invocations=29 (full 2):
 PSYoungGen      total 142848K, used 136704K [0x0000000795580000, 0x000000079e880000, 0x00000007c0000000)
  eden space 136704K, 100% used [0x0000000795580000,0x000000079db00000,0x000000079db00000)
  from space 6144K, 0% used [0x000000079e180000,0x000000079e180000,0x000000079e780000)
  to   space 6656K, 0% used [0x000000079db00000,0x000000079db00000,0x000000079e180000)
 ParOldGen       total 114688K, used 40374K [0x0000000740000000, 0x0000000747000000, 0x0000000795580000)
  object space 114688K, 35% used [0x0000000740000000,0x000000074276d938,0x0000000747000000)
 Metaspace       used 9392K, capacity 9648K, committed 9856K, reserved 1058816K
  class space    used 1206K, capacity 1300K, committed 1408K, reserved 1048576K
Event: 198.232 GC heap after
Heap after GC invocations=29 (full 2):
 PSYoungGen      total 143360K, used 1824K [0x0000000795580000, 0x000000079fa00000, 0x00000007c0000000)
  eden space 136704K, 0% used [0x0000000795580000,0x0000000795580000,0x000000079db00000)
  from space 6656K, 27% used [0x000000079db00000,0x000000079dcc8010,0x000000079e180000)
  to   space 6144K, 0% used [0x000000079f400000,0x000000079f400000,0x000000079fa00000)
 ParOldGen       total 114688K, used 66831K [0x0000000740000000, 0x0000000747000000, 0x0000000795580000)
  object space 114688K, 58% used [0x0000000740000000,0x0000000744143ee8,0x0000000747000000)
 Metaspace       used 9392K, capacity 9648K, committed 9856K, reserved 1058816K
  class space    used 1206K, capacity 1300K, committed 1408K, reserved 1048576K
}
Event: 198.392 GC heap before
{Heap before GC invocations=30 (full 2):
 PSYoungGen      total 143360K, used 138528K [0x0000000795580000, 0x000000079fa00000, 0x00000007c0000000)
  eden space 136704K, 100% used [0x0000000795580000,0x000000079db00000,0x000000079db00000)
  from space 6656K, 27% used [0x000000079db00000,0x000000079dcc8010,0x000000079e180000)
  to   space 6144K, 0% used [0x000000079f400000,0x000000079f400000,0x000000079fa00000)
 ParOldGen       total 114688K, used 66831K [0x0000000740000000, 0x0000000747000000, 0x0000000795580000)
  object space 114688K, 58% used [0x0000000740000000,0x0000000744143ee8,0x0000000747000000)
 Metaspace       used 9392K, capacity 9648K, committed 9856K, reserved 1058816K
  class space    used 1206K, capacity 1300K, committed 1408K, reserved 1048576K
Event: 198.397 GC heap after
Heap after GC invocations=30 (full 2):
 PSYoungGen      total 160256K, used 2496K [0x0000000795580000, 0x000000079f900000, 0x00000007c0000000)
  eden space 155136K, 0% used [0x0000000795580000,0x0000000795580000,0x000000079ed00000)
  from space 5120K, 48% used [0x000000079f400000,0x000000079f670010,0x000000079f900000)
  to   space 6144K, 0% used [0x000000079ed00000,0x000000079ed00000,0x000000079f300000)
 ParOldGen       total 114688K, used 66831K [0x0000000740000000, 0x0000000747000000, 0x0000000795580000)
  object space 114688K, 58% used [0x0000000740000000,0x0000000744143ee8,0x0000000747000000)
 Metaspace       used 9392K, capacity 9648K, committed 9856K, reserved 1058816K
  class space    used 1206K, capacity 1300K, committed 1408K, reserved 1048576K
}

Deoptimization events (7 events):
Event: 0.381 Thread 0x00007f94bf001800 Uncommon trap: reason=unstable_if action=reinterpret pc=0x0000000107fa8ba0 method=java.lang.String.startsWith(Ljava/lang/String;I)Z @ 25
Event: 0.794 Thread 0x00007f94bf001800 Uncommon trap: reason=unstable_if action=reinterpret pc=0x00000001080b9860 method=java.util.regex.Matcher.search(I)Z @ 91
Event: 0.794 Thread 0x00007f94bf001800 Uncommon trap: reason=unstable_if action=reinterpret pc=0x00000001080abb40 method=java.util.HashMap.getNode(ILjava/lang/Object;)Ljava/util/HashMap$Node; @ 129
Event: 1.233 Thread 0x00007f94bf736000 Uncommon trap: reason=unstable_if action=reinterpret pc=0x00000001080d07ec method=java.util.HashMap.getNode(ILjava/lang/Object;)Ljava/util/HashMap$Node; @ 116
Event: 1.334 Thread 0x00007f94bf001800 Uncommon trap: reason=unstable_if action=reinterpret pc=0x00000001080e5ea0 method=java.util.regex.Pattern$Curly.match0(Ljava/util/regex/Matcher;IILjava/lang/CharSequence;)Z @ 34
Event: 1.448 Thread 0x00007f94bf001800 Uncommon trap: reason=unstable_if action=reinterpret pc=0x00000001080ef88c method=info.debatty.java.stringsimilarity.Levenshtein.distance(Ljava/lang/String;Ljava/lang/String;I)D @ 117
Event: 6.642 Thread 0x00007f94bf001800 Uncommon trap: reason=unstable_if action=reinterpret pc=0x00000001080ec740 method=java.util.regex.Pattern$Curly.match0(Ljava/util/regex/Matcher;IILjava/lang/CharSequence;)Z @ 34

Internal exceptions (10 events):
Event: 0.335 Thread 0x00007f94bf001800 Exception <a 'java/lang/NoSuchFieldError': method resolution failed> (0x0000000795ef6708) thrown at [/Users/java_re/workspace/8-2-build-macosx-x86_64/jdk8u111/7883/hotspot/src/share/vm/prims/methodHandles.cpp, line 1146]
Event: 0.338 Thread 0x00007f94bf001800 Exception <a 'java/lang/NoSuchFieldError': method resolution failed> (0x0000000795f045b0) thrown at [/Users/java_re/workspace/8-2-build-macosx-x86_64/jdk8u111/7883/hotspot/src/share/vm/prims/methodHandles.cpp, line 1146]
Event: 0.351 Thread 0x00007f94bf001800 Exception <a 'java/lang/NoSuchMethodError': java.lang.Object.$anonfun$releaseVersion$1$adapted(Ljava/lang/String;)Ljava/lang/Object;> (0x0000000795f35828) thrown at [/Users/java_re/workspace/8-2-build-macosx-x86_64/jdk8u111/7883/hotspot/src/share/vm/inter
Event: 0.380 Thread 0x00007f94bf001800 Exception <a 'java/lang/NoSuchMethodError': java.lang.Object.$anonfun$releaseVersion$2(Ljava/lang/String;)Ljava/lang/String;> (0x0000000795fead68) thrown at [/Users/java_re/workspace/8-2-build-macosx-x86_64/jdk8u111/7883/hotspot/src/share/vm/interpreter/l
Event: 0.383 Thread 0x00007f94bf001800 Exception <a 'java/lang/NoSuchMethodError': java.lang.Object.$anonfun$developmentVersion$1$adapted(Ljava/lang/String;)Ljava/lang/Object;> (0x0000000796000d38) thrown at [/Users/java_re/workspace/8-2-build-macosx-x86_64/jdk8u111/7883/hotspot/src/share/vm/i
Event: 0.384 Thread 0x00007f94bf001800 Exception <a 'java/lang/NoSuchMethodError': java.lang.Object.$anonfun$developmentVersion$2(Lscala/util/PropertiesTrait;Ljava/lang/String;)Lscala/Option;> (0x0000000796004c98) thrown at [/Users/java_re/workspace/8-2-build-macosx-x86_64/jdk8u111/7883/hotspo
Event: 0.552 Thread 0x00007f94bf001800 Exception <a 'java/lang/NoSuchMethodError': java.lang.Object.$anonfun$main$1$adapted(Lscala/Function0;)Ljava/lang/Object;> (0x000000079638b7c8) thrown at [/Users/java_re/workspace/8-2-build-macosx-x86_64/jdk8u111/7883/hotspot/src/share/vm/interpreter/link
Event: 0.725 Thread 0x00007f94bf001800 Exception <a 'java/lang/NoSuchMethodError': java.lang.Object.$anonfun$$plus$plus$eq$1(Lscala/collection/generic/Growable;Ljava/lang/Object;)Lscala/collection/generic/Growable;> (0x000000079687bf18) thrown at [/Users/java_re/workspace/8-2-build-macosx-x86_
Event: 0.736 Thread 0x00007f94bf001800 Exception <a 'java/lang/NoSuchMethodError': java.lang.Object.$anonfun$filterImpl$1(Lscala/Function1;ZLscala/collection/mutable/Builder;Ljava/lang/Object;)Ljava/lang/Object;> (0x000000079691bfb0) thrown at [/Users/java_re/workspace/8-2-build-macosx-x86_64/
Event: 0.778 Thread 0x00007f94bf001800 Exception <a 'java/lang/NoSuchMethodError': java.lang.Object.$anonfun$count$1$adapted(Lscala/Function1;Lscala/runtime/IntRef;Ljava/lang/Object;)Ljava/lang/Object;> (0x0000000796b1c088) thrown at [/Users/java_re/workspace/8-2-build-macosx-x86_64/jdk8u111/7

Events (10 events):
Event: 198.397 Executing VM operation: ParallelGCFailedAllocation done
Event: 257.832 Thread 0x00007f94c0e5e000 Thread exited: 0x00007f94c0e5e000
Event: 15178.791 loading class sun/misc/Signal$1
Event: 15178.835 loading class sun/misc/Signal$1 done
Event: 15178.860 Thread 0x00007f94c0004800 Thread added: 0x00007f94c0004800
Event: 15178.861 loading class java/lang/Shutdown
Event: 15178.876 loading class java/lang/Shutdown done
Event: 15178.876 loading class java/lang/Shutdown$Lock
Event: 15178.876 loading class java/lang/Shutdown$Lock done
Event: 15178.880 Executing VM operation: Exit


Dynamic libraries:
0x000000000da34000 	/System/Library/Frameworks/Cocoa.framework/Versions/A/Cocoa
0x000000000da34000 	/System/Library/Frameworks/Security.framework/Versions/A/Security
0x000000000da34000 	/System/Library/Frameworks/ApplicationServices.framework/Versions/A/ApplicationServices
0x000000000da34000 	/usr/lib/libz.1.dylib
0x000000000da34000 	/usr/lib/libSystem.B.dylib
0x000000000da34000 	/usr/lib/libobjc.A.dylib
0x000000000da34000 	/System/Library/Frameworks/CoreFoundation.framework/Versions/A/CoreFoundation
0x000000000da34000 	/System/Library/Frameworks/Foundation.framework/Versions/C/Foundation
0x000000000da34000 	/System/Library/Frameworks/AppKit.framework/Versions/C/AppKit
0x000000000da34000 	/System/Library/Frameworks/CoreData.framework/Versions/A/CoreData
0x000000000da34000 	/System/Library/PrivateFrameworks/RemoteViewServices.framework/Versions/A/RemoteViewServices
0x000000000da34000 	/System/Library/PrivateFrameworks/UIFoundation.framework/Versions/A/UIFoundation
0x000000000da34000 	/System/Library/PrivateFrameworks/DFRFoundation.framework/Versions/A/DFRFoundation
0x000000000da34000 	/usr/lib/libenergytrace.dylib
0x000000000da34000 	/System/Library/PrivateFrameworks/SkyLight.framework/Versions/A/SkyLight
0x000000000da34000 	/System/Library/Frameworks/CoreGraphics.framework/Versions/A/CoreGraphics
0x000000000da34000 	/usr/lib/libScreenReader.dylib
0x000000000da34000 	/System/Library/Frameworks/Accelerate.framework/Versions/A/Accelerate
0x000000000da34000 	/System/Library/Frameworks/IOSurface.framework/Versions/A/IOSurface
0x000000000da34000 	/System/Library/Frameworks/AudioToolbox.framework/Versions/A/AudioToolbox
0x000000000da34000 	/System/Library/Frameworks/AudioUnit.framework/Versions/A/AudioUnit
0x000000000da34000 	/System/Library/PrivateFrameworks/DataDetectorsCore.framework/Versions/A/DataDetectorsCore
0x000000000da34000 	/System/Library/PrivateFrameworks/DesktopServicesPriv.framework/Versions/A/DesktopServicesPriv
0x000000000da34000 	/System/Library/Frameworks/Carbon.framework/Versions/A/Frameworks/HIToolbox.framework/Versions/A/HIToolbox
0x000000000da34000 	/usr/lib/libicucore.A.dylib
0x000000000da34000 	/System/Library/Frameworks/QuartzCore.framework/Versions/A/QuartzCore
0x000000000da34000 	/System/Library/Frameworks/Carbon.framework/Versions/A/Frameworks/SpeechRecognition.framework/Versions/A/SpeechRecognition
0x000000000da34000 	/usr/lib/libauto.dylib
0x000000000da34000 	/usr/lib/libxml2.2.dylib
0x000000000da34000 	/System/Library/PrivateFrameworks/CoreUI.framework/Versions/A/CoreUI
0x000000000da34000 	/System/Library/Frameworks/CoreAudio.framework/Versions/A/CoreAudio
0x000000000da34000 	/System/Library/Frameworks/DiskArbitration.framework/Versions/A/DiskArbitration
0x000000000da34000 	/usr/lib/liblangid.dylib
0x000000000da34000 	/System/Library/PrivateFrameworks/MultitouchSupport.framework/Versions/A/MultitouchSupport
0x000000000da34000 	/System/Library/Frameworks/IOKit.framework/Versions/A/IOKit
0x000000000da34000 	/usr/lib/libDiagnosticMessagesClient.dylib
0x000000000da34000 	/System/Library/Frameworks/CoreServices.framework/Versions/A/CoreServices
0x000000000da34000 	/System/Library/PrivateFrameworks/PerformanceAnalysis.framework/Versions/A/PerformanceAnalysis
0x000000000da34000 	/System/Library/PrivateFrameworks/GenerationalStorage.framework/Versions/A/GenerationalStorage
0x000000000da34000 	/System/Library/Frameworks/OpenGL.framework/Versions/A/OpenGL
0x000000000da34000 	/System/Library/Frameworks/CoreImage.framework/Versions/A/CoreImage
0x000000000da34000 	/System/Library/Frameworks/CoreText.framework/Versions/A/CoreText
0x000000000da34000 	/System/Library/Frameworks/ImageIO.framework/Versions/A/ImageIO
0x000000000da34000 	/System/Library/PrivateFrameworks/Backup.framework/Versions/A/Backup
0x000000000da34000 	/usr/lib/libarchive.2.dylib
0x000000000da34000 	/System/Library/Frameworks/CFNetwork.framework/Versions/A/CFNetwork
0x000000000da34000 	/System/Library/Frameworks/SystemConfiguration.framework/Versions/A/SystemConfiguration
0x000000000da34000 	/usr/lib/libCRFSuite.dylib
0x000000000da34000 	/usr/lib/libc++.1.dylib
0x000000000da34000 	/usr/lib/libc++abi.dylib
0x000000000da34000 	/usr/lib/system/libcache.dylib
0x000000000da34000 	/usr/lib/system/libcommonCrypto.dylib
0x000000000da34000 	/usr/lib/system/libcompiler_rt.dylib
0x000000000da34000 	/usr/lib/system/libcopyfile.dylib
0x000000000da34000 	/usr/lib/system/libcorecrypto.dylib
0x000000000da34000 	/usr/lib/system/libdispatch.dylib
0x000000000da34000 	/usr/lib/system/libdyld.dylib
0x000000000da34000 	/usr/lib/system/libkeymgr.dylib
0x000000000da34000 	/usr/lib/system/liblaunch.dylib
0x000000000da34000 	/usr/lib/system/libmacho.dylib
0x000000000da34000 	/usr/lib/system/libquarantine.dylib
0x000000000da34000 	/usr/lib/system/libremovefile.dylib
0x000000000da34000 	/usr/lib/system/libsystem_asl.dylib
0x000000000da34000 	/usr/lib/system/libsystem_blocks.dylib
0x000000000da34000 	/usr/lib/system/libsystem_c.dylib
0x000000000da34000 	/usr/lib/system/libsystem_configuration.dylib
0x000000000da34000 	/usr/lib/system/libsystem_coreservices.dylib
0x000000000da34000 	/usr/lib/system/libsystem_coretls.dylib
0x000000000da34000 	/usr/lib/system/libsystem_dnssd.dylib
0x000000000da34000 	/usr/lib/system/libsystem_info.dylib
0x000000000da34000 	/usr/lib/system/libsystem_kernel.dylib
0x000000000da34000 	/usr/lib/system/libsystem_m.dylib
0x000000000da34000 	/usr/lib/system/libsystem_malloc.dylib
0x000000000da34000 	/usr/lib/system/libsystem_network.dylib
0x000000000da34000 	/usr/lib/system/libsystem_networkextension.dylib
0x000000000da34000 	/usr/lib/system/libsystem_notify.dylib
0x000000000da34000 	/usr/lib/system/libsystem_platform.dylib
0x000000000da34000 	/usr/lib/system/libsystem_pthread.dylib
0x000000000da34000 	/usr/lib/system/libsystem_sandbox.dylib
0x000000000da34000 	/usr/lib/system/libsystem_secinit.dylib
0x000000000da34000 	/usr/lib/system/libsystem_symptoms.dylib
0x000000000da34000 	/usr/lib/system/libsystem_trace.dylib
0x000000000da34000 	/usr/lib/system/libunwind.dylib
0x000000000da34000 	/usr/lib/system/libxpc.dylib
0x000000000da34000 	/usr/lib/libbsm.0.dylib
0x000000000da34000 	/usr/lib/system/libkxld.dylib
0x000000000da34000 	/usr/lib/libcoretls.dylib
0x000000000da34000 	/usr/lib/libcoretls_cfhelpers.dylib
0x000000000da34000 	/usr/lib/libOpenScriptingUtil.dylib
0x000000000da34000 	/usr/lib/libpam.2.dylib
0x000000000da34000 	/usr/lib/libsqlite3.dylib
0x000000000da34000 	/usr/lib/libxar.1.dylib
0x000000000da34000 	/usr/lib/libbz2.1.0.dylib
0x000000000da34000 	/usr/lib/liblzma.5.dylib
0x000000000da34000 	/usr/lib/libnetwork.dylib
0x000000000da34000 	/usr/lib/libpcap.A.dylib
0x000000000da34000 	/System/Library/Frameworks/CoreServices.framework/Versions/A/Frameworks/FSEvents.framework/Versions/A/FSEvents
0x000000000da34000 	/System/Library/Frameworks/CoreServices.framework/Versions/A/Frameworks/CarbonCore.framework/Versions/A/CarbonCore
0x000000000da34000 	/System/Library/Frameworks/CoreServices.framework/Versions/A/Frameworks/Metadata.framework/Versions/A/Metadata
0x000000000da34000 	/System/Library/Frameworks/CoreServices.framework/Versions/A/Frameworks/OSServices.framework/Versions/A/OSServices
0x000000000da34000 	/System/Library/Frameworks/CoreServices.framework/Versions/A/Frameworks/SearchKit.framework/Versions/A/SearchKit
0x000000000da34000 	/System/Library/Frameworks/CoreServices.framework/Versions/A/Frameworks/AE.framework/Versions/A/AE
0x000000000da34000 	/System/Library/Frameworks/CoreServices.framework/Versions/A/Frameworks/LaunchServices.framework/Versions/A/LaunchServices
0x000000000da34000 	/System/Library/Frameworks/CoreServices.framework/Versions/A/Frameworks/DictionaryServices.framework/Versions/A/DictionaryServices
0x000000000da34000 	/System/Library/Frameworks/CoreServices.framework/Versions/A/Frameworks/SharedFileList.framework/Versions/A/SharedFileList
0x000000000da34000 	/System/Library/Frameworks/NetFS.framework/Versions/A/NetFS
0x000000000da34000 	/System/Library/PrivateFrameworks/NetAuth.framework/Versions/A/NetAuth
0x000000000da34000 	/System/Library/PrivateFrameworks/login.framework/Versions/A/Frameworks/loginsupport.framework/Versions/A/loginsupport
0x000000000da34000 	/System/Library/PrivateFrameworks/TCC.framework/Versions/A/TCC
0x000000000da34000 	/usr/lib/libmecabra.dylib
0x000000000da34000 	/System/Library/Frameworks/ApplicationServices.framework/Versions/A/Frameworks/ATS.framework/Versions/A/ATS
0x000000000da34000 	/System/Library/Frameworks/ApplicationServices.framework/Versions/A/Frameworks/ColorSync.framework/Versions/A/ColorSync
0x000000000da34000 	/System/Library/Frameworks/ApplicationServices.framework/Versions/A/Frameworks/HIServices.framework/Versions/A/HIServices
0x000000000da34000 	/System/Library/Frameworks/ApplicationServices.framework/Versions/A/Frameworks/LangAnalysis.framework/Versions/A/LangAnalysis
0x000000000da34000 	/System/Library/Frameworks/ApplicationServices.framework/Versions/A/Frameworks/PrintCore.framework/Versions/A/PrintCore
0x000000000da34000 	/System/Library/Frameworks/ApplicationServices.framework/Versions/A/Frameworks/QD.framework/Versions/A/QD
0x000000000da34000 	/System/Library/Frameworks/ApplicationServices.framework/Versions/A/Frameworks/SpeechSynthesis.framework/Versions/A/SpeechSynthesis
0x000000000da34000 	/System/Library/Frameworks/Accelerate.framework/Versions/A/Frameworks/vImage.framework/Versions/A/vImage
0x000000000da34000 	/System/Library/Frameworks/Accelerate.framework/Versions/A/Frameworks/vecLib.framework/Versions/A/vecLib
0x000000000da34000 	/System/Library/Frameworks/Accelerate.framework/Versions/A/Frameworks/vecLib.framework/Versions/A/libvDSP.dylib
0x000000000da34000 	/System/Library/Frameworks/Accelerate.framework/Versions/A/Frameworks/vecLib.framework/Versions/A/libBNNS.dylib
0x000000000da34000 	/System/Library/Frameworks/Accelerate.framework/Versions/A/Frameworks/vecLib.framework/Versions/A/libQuadrature.dylib
0x000000000da34000 	/System/Library/Frameworks/Accelerate.framework/Versions/A/Frameworks/vecLib.framework/Versions/A/libvMisc.dylib
0x000000000da34000 	/System/Library/Frameworks/Accelerate.framework/Versions/A/Frameworks/vecLib.framework/Versions/A/libLAPACK.dylib
0x000000000da34000 	/System/Library/Frameworks/Accelerate.framework/Versions/A/Frameworks/vecLib.framework/Versions/A/libBLAS.dylib
0x000000000da34000 	/System/Library/Frameworks/Accelerate.framework/Versions/A/Frameworks/vecLib.framework/Versions/A/libLinearAlgebra.dylib
0x000000000da34000 	/System/Library/Frameworks/Accelerate.framework/Versions/A/Frameworks/vecLib.framework/Versions/A/libSparseBLAS.dylib
0x000000000da34000 	/System/Library/Frameworks/ApplicationServices.framework/Versions/A/Frameworks/ATS.framework/Versions/A/Resources/libFontParser.dylib
0x000000000da34000 	/System/Library/Frameworks/ApplicationServices.framework/Versions/A/Frameworks/ATS.framework/Versions/A/Resources/libFontRegistry.dylib
0x000000000da34000 	/System/Library/Frameworks/ImageIO.framework/Versions/A/Resources/libJPEG.dylib
0x000000000da34000 	/System/Library/Frameworks/ImageIO.framework/Versions/A/Resources/libTIFF.dylib
0x000000000da34000 	/System/Library/Frameworks/ImageIO.framework/Versions/A/Resources/libPng.dylib
0x000000000da34000 	/System/Library/Frameworks/ImageIO.framework/Versions/A/Resources/libGIF.dylib
0x000000000da34000 	/System/Library/Frameworks/ImageIO.framework/Versions/A/Resources/libJP2.dylib
0x000000000da34000 	/System/Library/Frameworks/ImageIO.framework/Versions/A/Resources/libRadiance.dylib
0x000000000da34000 	/usr/lib/libcompression.dylib
0x000000000da34000 	/System/Library/PrivateFrameworks/AppleJPEG.framework/Versions/A/AppleJPEG
0x000000000da34000 	/usr/lib/libcups.2.dylib
0x000000000da34000 	/System/Library/Frameworks/Kerberos.framework/Versions/A/Kerberos
0x000000000da34000 	/System/Library/Frameworks/GSS.framework/Versions/A/GSS
0x000000000da34000 	/usr/lib/libresolv.9.dylib
0x000000000da34000 	/usr/lib/libiconv.2.dylib
0x000000000da34000 	/System/Library/PrivateFrameworks/Heimdal.framework/Versions/A/Heimdal
0x000000000da34000 	/usr/lib/libheimdal-asn1.dylib
0x000000000da34000 	/System/Library/Frameworks/OpenDirectory.framework/Versions/A/OpenDirectory
0x000000000da34000 	/System/Library/PrivateFrameworks/CommonAuth.framework/Versions/A/CommonAuth
0x000000000da34000 	/System/Library/Frameworks/OpenDirectory.framework/Versions/A/Frameworks/CFOpenDirectory.framework/Versions/A/CFOpenDirectory
0x000000000da34000 	/System/Library/Frameworks/SecurityFoundation.framework/Versions/A/SecurityFoundation
0x000000000da34000 	/System/Library/PrivateFrameworks/LanguageModeling.framework/Versions/A/LanguageModeling
0x000000000da34000 	/usr/lib/libmarisa.dylib
0x000000000da34000 	/usr/lib/libChineseTokenizer.dylib
0x000000000da34000 	/usr/lib/libcmph.dylib
0x000000000da34000 	/System/Library/PrivateFrameworks/CoreEmoji.framework/Versions/A/CoreEmoji
0x000000000da34000 	/System/Library/Frameworks/ServiceManagement.framework/Versions/A/ServiceManagement
0x000000000da34000 	/usr/lib/libxslt.1.dylib
0x000000000da34000 	/System/Library/Frameworks/Carbon.framework/Versions/A/Frameworks/Ink.framework/Versions/A/Ink
0x000000000da34000 	/System/Library/PrivateFrameworks/TextureIO.framework/Versions/A/TextureIO
0x000000000da34000 	/System/Library/Frameworks/Metal.framework/Versions/A/Metal
0x000000000da34000 	/usr/lib/libate.dylib
0x000000000da34000 	/System/Library/PrivateFrameworks/GPUCompiler.framework/libmetal_timestamp.dylib
0x000000000da34000 	/System/Library/Frameworks/OpenGL.framework/Versions/A/Libraries/libCoreFSCache.dylib
0x000000000da34000 	/System/Library/PrivateFrameworks/IOAccelerator.framework/Versions/A/IOAccelerator
0x000000000da34000 	/System/Library/Frameworks/CoreVideo.framework/Versions/A/CoreVideo
0x000000000da34000 	/usr/lib/libFosl_dynamic.dylib
0x000000000da34000 	/System/Library/PrivateFrameworks/MetalPerformanceShaders.framework/Versions/A/MetalPerformanceShaders
0x000000000da34000 	/System/Library/PrivateFrameworks/FaceCore.framework/Versions/A/FaceCore
0x000000000da34000 	/System/Library/Frameworks/OpenCL.framework/Versions/A/OpenCL
0x000000000da34000 	/System/Library/Frameworks/OpenGL.framework/Versions/A/Libraries/libGLU.dylib
0x000000000da34000 	/System/Library/Frameworks/OpenGL.framework/Versions/A/Libraries/libGFXShared.dylib
0x000000000da34000 	/System/Library/Frameworks/OpenGL.framework/Versions/A/Libraries/libGL.dylib
0x000000000da34000 	/System/Library/Frameworks/OpenGL.framework/Versions/A/Libraries/libGLImage.dylib
0x000000000da34000 	/System/Library/Frameworks/OpenGL.framework/Versions/A/Libraries/libCVMSPluginSupport.dylib
0x000000000da34000 	/System/Library/Frameworks/OpenGL.framework/Versions/A/Libraries/libCoreVMClient.dylib
0x000000000da34000 	/System/Library/PrivateFrameworks/CrashReporterSupport.framework/Versions/A/CrashReporterSupport
0x000000000da34000 	/System/Library/PrivateFrameworks/Sharing.framework/Versions/A/Sharing
0x000000000da34000 	/System/Library/PrivateFrameworks/IconServices.framework/Versions/A/IconServices
0x000000000da34000 	/System/Library/PrivateFrameworks/ProtocolBuffer.framework/Versions/A/ProtocolBuffer
0x000000000da34000 	/System/Library/PrivateFrameworks/Apple80211.framework/Versions/A/Apple80211
0x000000000da34000 	/System/Library/Frameworks/CoreWLAN.framework/Versions/A/CoreWLAN
0x000000000da34000 	/System/Library/PrivateFrameworks/CoreUtils.framework/Versions/A/CoreUtils
0x000000000da34000 	/System/Library/Frameworks/IOBluetooth.framework/Versions/A/IOBluetooth
0x000000000da34000 	/System/Library/PrivateFrameworks/CoreWiFi.framework/Versions/A/CoreWiFi
0x000000000da34000 	/System/Library/Frameworks/CoreBluetooth.framework/Versions/A/CoreBluetooth
0x000000000da34000 	/System/Library/Frameworks/CoreDisplay.framework/Versions/A/CoreDisplay
0x000000000da34000 	/System/Library/PrivateFrameworks/IOPresentment.framework/Versions/A/IOPresentment
0x000000000da34000 	/System/Library/PrivateFrameworks/DSExternalDisplay.framework/Versions/A/DSExternalDisplay
0x000000000da34000 	/System/Library/PrivateFrameworks/DebugSymbols.framework/Versions/A/DebugSymbols
0x000000000da34000 	/System/Library/PrivateFrameworks/CoreSymbolication.framework/Versions/A/CoreSymbolication
0x000000000da34000 	/System/Library/PrivateFrameworks/Symbolication.framework/Versions/A/Symbolication
0x000000000da34000 	/System/Library/PrivateFrameworks/AppleFSCompression.framework/Versions/A/AppleFSCompression
0x000000000da34000 	/System/Library/PrivateFrameworks/SpeechRecognitionCore.framework/Versions/A/SpeechRecognitionCore
0x000000000da34000 	/System/Library/PrivateFrameworks/ChunkingLibrary.framework/Versions/A/ChunkingLibrary
0x0000000104e00000 	/Library/Java/JavaVirtualMachines/jdk1.8.0_111.jdk/Contents/Home/jre/lib/server/libjvm.dylib
0x000000000da34000 	/usr/lib/libstdc++.6.dylib
0x0000000105da1000 	/Library/Java/JavaVirtualMachines/jdk1.8.0_111.jdk/Contents/Home/jre/lib/libverify.dylib
0x0000000105daf000 	/Library/Java/JavaVirtualMachines/jdk1.8.0_111.jdk/Contents/Home/jre/lib/libjava.dylib
0x0000000105de4000 	/Library/Java/JavaVirtualMachines/jdk1.8.0_111.jdk/Contents/Home/jre/lib/libinstrument.dylib
0x0000000105e40000 	/Library/Java/JavaVirtualMachines/jdk1.8.0_111.jdk/Contents/Home/jre/lib/libzip.dylib
0x0000000107d84000 	/System/Library/Frameworks/JavaVM.framework/Frameworks/JavaRuntimeSupport.framework/JavaRuntimeSupport
0x0000000107d9e000 	/System/Library/Frameworks/JavaVM.framework/Versions/A/Frameworks/JavaNativeFoundation.framework/Versions/A/JavaNativeFoundation
0x0000000107db3000 	/System/Library/Frameworks/JavaVM.framework/Versions/A/JavaVM
0x000000000da34000 	/System/Library/Frameworks/Carbon.framework/Versions/A/Carbon
0x000000011b852000 	/System/Library/PrivateFrameworks/JavaLaunching.framework/Versions/A/JavaLaunching
0x000000000da34000 	/System/Library/Frameworks/Carbon.framework/Versions/A/Frameworks/CommonPanels.framework/Versions/A/CommonPanels
0x000000000da34000 	/System/Library/Frameworks/Carbon.framework/Versions/A/Frameworks/Help.framework/Versions/A/Help
0x000000000da34000 	/System/Library/Frameworks/Carbon.framework/Versions/A/Frameworks/ImageCapture.framework/Versions/A/ImageCapture
0x000000000da34000 	/System/Library/Frameworks/Carbon.framework/Versions/A/Frameworks/OpenScripting.framework/Versions/A/OpenScripting
0x000000000da34000 	/System/Library/Frameworks/Carbon.framework/Versions/A/Frameworks/Print.framework/Versions/A/Print
0x000000000da34000 	/System/Library/Frameworks/Carbon.framework/Versions/A/Frameworks/SecurityHI.framework/Versions/A/SecurityHI
0x000000011d2dd000 	/Library/Java/JavaVirtualMachines/jdk1.8.0_111.jdk/Contents/Home/jre/lib/libnet.dylib

VM Arguments:
jvm_args: -Dsrcdir=mysql -Ddecorate=true -javaagent:/Applications/IntelliJ IDEA CE.app/Contents/lib/idea_rt.jar=49432:/Applications/IntelliJ IDEA CE.app/Contents/bin -Dfile.encoding=UTF-8 
java_command: driver.CosineAnalysis
java_class_path (initial): /Library/Java/JavaVirtualMachines/jdk1.8.0_111.jdk/Contents/Home/jre/lib/charsets.jar:/Library/Java/JavaVirtualMachines/jdk1.8.0_111.jdk/Contents/Home/jre/lib/deploy.jar:/Library/Java/JavaVirtualMachines/jdk1.8.0_111.jdk/Contents/Home/jre/lib/ext/cldrdata.jar:/Library/Java/JavaVirtualMachines/jdk1.8.0_111.jdk/Contents/Home/jre/lib/ext/dnsns.jar:/Library/Java/JavaVirtualMachines/jdk1.8.0_111.jdk/Contents/Home/jre/lib/ext/jaccess.jar:/Library/Java/JavaVirtualMachines/jdk1.8.0_111.jdk/Contents/Home/jre/lib/ext/jfxrt.jar:/Library/Java/JavaVirtualMachines/jdk1.8.0_111.jdk/Contents/Home/jre/lib/ext/localedata.jar:/Library/Java/JavaVirtualMachines/jdk1.8.0_111.jdk/Contents/Home/jre/lib/ext/nashorn.jar:/Library/Java/JavaVirtualMachines/jdk1.8.0_111.jdk/Contents/Home/jre/lib/ext/sunec.jar:/Library/Java/JavaVirtualMachines/jdk1.8.0_111.jdk/Contents/Home/jre/lib/ext/sunjce_provider.jar:/Library/Java/JavaVirtualMachines/jdk1.8.0_111.jdk/Contents/Home/jre/lib/ext/sunpkcs11.jar:/Library/Java/JavaVirtualMachines/jdk1.8.0_111.jdk/Contents/Home/jre/lib/ext/zipfs.jar:/Library/Java/JavaVirtualMachines/jdk1.8.0_111.jdk/Contents/Home/jre/lib/javaws.jar:/Library/Java/JavaVirtualMachines/jdk1.8.0_111.jdk/Contents/Home/jre/lib/jce.jar:/Library/Java/JavaVirtualMachines/jdk1.8.0_111.jdk/Contents/Home/jre/lib/jfr.jar:/Library/Java/JavaVirtualMachines/jdk1.8.0_111.jdk/Contents/Home/jre/lib/jfxswt.jar:/Library/Java/JavaVirtualMachines/jdk1.8.0_111.jdk/Contents/Home/jre/lib/jsse.jar:/Library/Java/JavaVirtualMachines/jdk1.8.0_111.jdk/Contents/Home/jre/lib/management-agent.jar:/Library/Java/JavaVirtualMachines/jdk1.8.0_111.jdk/Contents/Home/jre/lib/plugin.jar:/Library/Java/JavaVirtualMachines/jdk1.8.0_111.jdk/Contents/Home/jre/lib/resources.jar:/Library/Java/JavaVirtualMachines/jdk1.8.0_111.jdk/Contents/Home/jre/lib/rt.jar:/Library/Java/JavaVirtualMachines/jdk1.8.0_111.jdk/Contents/Home/lib/ant-javafx.jar:/Library/Java/JavaVirtualMachines/jdk1.8.0_111.jdk/Contents/Home
Launcher Type: SUN_STANDARD

Environment Variables:
PATH=/Users/roncoleman/anaconda/bin:/usr/local/bin:/usr/bin:/bin:/usr/sbin:/sbin
SHELL=/bin/bash

Signal Handlers:
SIGSEGV: [libjvm.dylib+0x5b03ed], sa_mask[0]=11111111011111110111111111111111, sa_flags=SA_ONSTACK|SA_RESTART|SA_SIGINFO
SIGBUS: [libjvm.dylib+0x5b03ed], sa_mask[0]=11111111011111110111111111111111, sa_flags=SA_RESTART|SA_SIGINFO
SIGFPE: [libjvm.dylib+0x48711c], sa_mask[0]=11111111011111110111111111111111, sa_flags=SA_RESTART|SA_SIGINFO
SIGPIPE: [libjvm.dylib+0x48711c], sa_mask[0]=11111111011111110111111111111111, sa_flags=SA_RESTART|SA_SIGINFO
SIGXFSZ: [libjvm.dylib+0x48711c], sa_mask[0]=11111111011111110111111111111111, sa_flags=SA_RESTART|SA_SIGINFO
SIGILL: [libjvm.dylib+0x48711c], sa_mask[0]=11111111011111110111111111111111, sa_flags=SA_RESTART|SA_SIGINFO
SIGUSR1: SIG_DFL, sa_mask[0]=00000000000000000000000000000000, sa_flags=none
SIGUSR2: [libjvm.dylib+0x486c3a], sa_mask[0]=00100000000000000000000000000000, sa_flags=SA_RESTART|SA_SIGINFO
SIGHUP: [libjvm.dylib+0x485211], sa_mask[0]=11111111011111110111111111111111, sa_flags=SA_RESTART|SA_SIGINFO
SIGINT: [libjvm.dylib+0x485211], sa_mask[0]=11111111011111110111111111111111, sa_flags=SA_RESTART|SA_SIGINFO
SIGTERM: [libjvm.dylib+0x485211], sa_mask[0]=11111111011111110111111111111111, sa_flags=SA_RESTART|SA_SIGINFO
SIGQUIT: [libjvm.dylib+0x485211], sa_mask[0]=11111111011111110111111111111111, sa_flags=SA_RESTART|SA_SIGINFO


---------------  S Y S T E M  ---------------

OS:Bsduname:Darwin 16.7.0 Darwin Kernel Version 16.7.0: Thu Jun 15 17:36:27 PDT 2017; root:xnu-3789.70.16~2/RELEASE_X86_64 x86_64
rlimit: STACK 8192k, CORE 0k, NPROC 709, NOFILE 10240, AS infinity
load average:5.95 4.84 3.81

CPU:total 4 (2 cores per cpu, 2 threads per core) family 6 model 78 stepping 3, cmov, cx8, fxsr, mmx, sse, sse2, sse3, ssse3, sse4.1, sse4.2, popcnt, avx, avx2, aes, clmul, erms, 3dnowpref, lzcnt, ht, tsc, tscinvbit, bmi1, bmi2, adx

Memory: 4k page, physical 8388608k(1750792k free)

/proc/meminfo:


vm_info: Java HotSpot(TM) 64-Bit Server VM (25.111-b14) for bsd-amd64 JRE (1.8.0_111-b14), built on Sep 22 2016 15:31:41 by "java_re" with gcc 4.2.1 (Based on Apple Inc. build 5658) (LLVM build 2336.11.00)

time: Sun Jun  2 17:09:07 2019
elapsed time: 15834 seconds (0d 4h 23m 54s)

